<?xml version="1.0" encoding="UTF-8"?>
<!-- Generated by org.testng.reporters.JUnitReportReporter -->
<testsuite hostname="DESKTOP-3060BPL" name="yahoo.yahootest" tests="1" failures="0" timestamp="13 May 2017 23:27:08 GMT" time="39.686" errors="0">
  <testcase name="test" time="39.686" classname="yahoo.yahootest"/>
</testsuite> <!-- yahoo.yahootest -->
