<?xml version="1.0" encoding="UTF-8"?>
<!-- Generated by org.testng.reporters.JUnitReportReporter -->
<testsuite hostname="DESKTOP-3060BPL" name="com.java.testng.maven.TestNGWebDriver" tests="1" failures="0" timestamp="2 Apr 2017 22:28:27 GMT" time="12.136" errors="0">
  <testcase name="VerifyHomePageTitle" time="12.136" classname="com.java.testng.maven.TestNGWebDriver"/>
</testsuite> <!-- com.java.testng.maven.TestNGWebDriver -->
