<?xml version="1.0" encoding="UTF-8"?>
<!-- Generated by org.testng.reporters.JUnitReportReporter -->
<testsuite hostname="DESKTOP-3060BPL" name="com.dice.jobsearch.SearchITJob" tests="1" failures="0" timestamp="30 Apr 2017 06:37:40 GMT" time="34.259" errors="0">
  <testcase name="f" time="34.259" classname="com.dice.jobsearch.SearchITJob"/>
</testsuite> <!-- com.dice.jobsearch.SearchITJob -->
