<?xml version="1.0" encoding="UTF-8"?>
<!-- Generated by org.testng.reporters.JUnitReportReporter -->
<testsuite hostname="DESKTOP-3060BPL" name="com.dice.jobsearch.Dice_sql" tests="1" failures="0" timestamp="10 Apr 2018 22:29:08 GMT" time="8.155" errors="0">
  <testcase name="f" time="8.155" classname="com.dice.jobsearch.Dice_sql"/>
</testsuite> <!-- com.dice.jobsearch.Dice_sql -->
